<?xml version="1.0" encoding="UTF-8"?>
<!-- Generated by org.testng.reporters.JUnitReportReporter -->
<testsuite hostname="LAPTOP-FLCEJUMH" failures="0" tests="1" name="tests.UserMenuTest" time="37.224" errors="0" timestamp="2023-09-04T22:27:19 GMT-07:00" skipped="0">
  <testcase classname="tests.UserMenuTest" name="userMenuDropDown_TC06" time="37.224"/>
  <system-out/>
</testsuite> <!-- tests.UserMenuTest -->
