<?xml version="1.0" encoding="UTF-8"?>
<!-- Generated by org.testng.reporters.JUnitReportReporter -->
<testsuite hostname="LAPTOP-FLCEJUMH" failures="0" tests="1" name="tests.ContactTest" time="45.117" errors="0" timestamp="2023-09-11T20:30:24 GMT-07:00" skipped="0">
  <testcase classname="tests.ContactTest" name="contactTestTC32" time="45.117"/>
  <system-out/>
</testsuite> <!-- tests.ContactTest -->
