<?xml version="1.0" encoding="UTF-8"?>
<!-- Generated by org.testng.reporters.JUnitReportReporter -->
<testsuite hostname="LAPTOP-FLCEJUMH" failures="0" tests="1" name="tests.OptyTest" time="14.376" errors="0" timestamp="2023-09-13T00:40:10 GMT-07:00" skipped="0">
  <testcase classname="tests.OptyTest" name="opportunityTestTC19" time="14.376"/>
  <system-out/>
</testsuite> <!-- tests.OptyTest -->
