<?xml version="1.0" encoding="UTF-8"?>
<!-- Generated by org.testng.reporters.JUnitReportReporter -->
<testsuite hostname="LAPTOP-FLCEJUMH" failures="0" tests="1" name="tests.LoginTest" time="2.825" errors="0" timestamp="2023-09-04T22:51:06 GMT-07:00" skipped="0">
  <testcase classname="tests.LoginTest" name="loginTestTC01" time="2.825"/>
  <system-out/>
</testsuite> <!-- tests.LoginTest -->
