<?xml version="1.0" encoding="UTF-8"?>
<!-- Generated by org.testng.reporters.JUnitReportReporter -->
<testsuite hostname="DaivikG" failures="0" tests="1" name="tests.AccountsTest" time="39.103" errors="0" timestamp="2023-10-10T10:25:06 PDT" skipped="0">
  <testcase classname="tests.AccountsTest" name="accountTestTC10" time="39.103"/>
  <system-out/>
</testsuite> <!-- tests.AccountsTest -->
