<?xml version="1.0" encoding="UTF-8"?>
<!-- Generated by org.testng.reporters.JUnitReportReporter -->
<testsuite hostname="DaivikG" failures="0" tests="1" name="tests.AccountsTest" time="22.587" errors="0" timestamp="2023-10-12T09:25:17 PDT" skipped="0">
  <testcase classname="tests.AccountsTest" name="accountTestTC10" time="22.587"/>
  <system-out/>
</testsuite> <!-- tests.AccountsTest -->
