<?xml version="1.0" encoding="UTF-8"?>
<!-- Generated by org.testng.reporters.JUnitReportReporter -->
<testsuite hostname="LAPTOP-FLCEJUMH" failures="0" tests="1" name="tests.AccountsTest" time="26.064" errors="0" timestamp="2023-09-08T18:00:29 GMT-07:00" skipped="0">
  <testcase classname="tests.AccountsTest" name="accountTestTC14" time="26.064"/>
  <system-out/>
</testsuite> <!-- tests.AccountsTest -->
