<?xml version="1.0" encoding="UTF-8"?>
<!-- Generated by org.testng.reporters.JUnitReportReporter -->
<testsuite hostname="LAPTOP-FLCEJUMH" failures="0" tests="1" name="tests.RandomTest" time="18.741" errors="0" timestamp="2023-09-13T23:00:15 GMT-07:00" skipped="0">
  <testcase classname="tests.RandomTest" name="randomTestTC35" time="18.741"/>
  <system-out/>
</testsuite> <!-- tests.RandomTest -->
